<?xml version="1.0" encoding="UTF-8"?><testsuite failures="0" name="cucumber.runtime.formatter.JUnitFormatter" skipped="0" tests="3" time="71.239646">
<testcase classname="Validate NriDesiCharms Website" name="Test the deals page using taggedHooks" time="24.413559">
<system-out><![CDATA[Given user clicks on deals page.............................................passed
Then search deals in it.....................................................passed
]]></system-out>
</testcase>
<testcase classname="Validate NriDesiCharms Website" name="Test the Events page" time="23.877163">
<system-out><![CDATA[Given user clicks on Events Page............................................passed
]]></system-out>
</testcase>
<testcase classname="Validate NriDesiCharms Website" name="Test the DesiBazar" time="22.948924">
<system-out><![CDATA[Given user clicks on Desi Bazar.............................................passed
]]></system-out>
</testcase>
</testsuite>
