<?xml version="1.0" encoding="UTF-8"?>
<!-- Generated by org.testng.reporters.JUnitReportReporter -->
<testsuite name="Runner.LoginRunner" tests="1" time="71.426" ignored="0" failures="0" timestamp="11 Jun 2018 19:29:30 GMT" skipped="0" hostname="Lokesh" errors="0">
  <testcase name="feature" time="71.426" classname="Runner.LoginRunner"/>
</testsuite> <!-- Runner.LoginRunner -->
