<?xml version="1.0" encoding="UTF-8"?>
<!-- Generated by org.testng.reporters.JUnitReportReporter -->
<testsuite name="Runner.LoginRunner" tests="1" time="36.047" ignored="0" failures="0" timestamp="12 Jun 2018 19:03:42 GMT" skipped="0" hostname="Lokesh" errors="0">
  <testcase name="feature" time="36.047" classname="Runner.LoginRunner"/>
</testsuite> <!-- Runner.LoginRunner -->
